#
# A fatal error has been detected by the Java Runtime Environment:
#
#  Internal Error (classFileParser.cpp:3494), pid=3240, tid=6956
#  Error: ShouldNotReachHere()
#
# JRE version: 6.0_45-b06
# Java VM: Java HotSpot(TM) 64-Bit Server VM (20.45-b01 mixed mode windows-amd64 compressed oops)
# If you would like to submit a bug report, please visit:
#   http://java.sun.com/webapps/bugreport/crash.jsp
#

---------------  T H R E A D  ---------------

Current thread (0x000000000038b800):  JavaThread "Unknown thread" [_thread_in_vm, id=6956, stack(0x0000000001ec0000,0x0000000001fc0000)]

Stack: [0x0000000001ec0000,0x0000000001fc0000]
[error occurred during error reporting (printing stack bounds), id 0xc0000005]


---------------  P R O C E S S  ---------------

Java Threads: ( => current thread )

Other Threads:

=>0x000000000038b800 (exited) JavaThread "Unknown thread" [_thread_in_vm, id=6956, stack(0x0000000001ec0000,0x0000000001fc0000)]

VM state:not at safepoint (not fully initialized)

VM Mutex/Monitor currently owned by a thread: None

Dynamic libraries:
0x0000000000400000 - 0x000000000042f000 	C:\Program Files\Java\jdk1.6.0_45\bin\javaw.exe
0x000007f924910000 - 0x000007f924ace000 	C:\Windows\SYSTEM32\ntdll.dll
0x000007f923bf0000 - 0x000007f923d26000 	C:\Windows\system32\KERNEL32.DLL
0x000007f921a80000 - 0x000007f921b73000 	C:\Windows\system32\KERNELBASE.dll
0x000007f921ef0000 - 0x000007f921fce000 	C:\Windows\system32\ADVAPI32.dll
0x000007f922460000 - 0x000007f9225ac000 	C:\Windows\system32\USER32.dll
0x000007f923fc0000 - 0x000007f924065000 	C:\Windows\system32\msvcrt.dll
0x000007f9238a0000 - 0x000007f9238e8000 	C:\Windows\SYSTEM32\sechost.dll
0x000007f923a10000 - 0x000007f923b50000 	C:\Windows\system32\RPCRT4.dll
0x000007f922260000 - 0x000007f9223a0000 	C:\Windows\system32\GDI32.dll
0x000007f921fd0000 - 0x000007f922009000 	C:\Windows\system32\IMM32.DLL
0x000007f9238f0000 - 0x000007f923a04000 	C:\Windows\system32\MSCTF.dll
0x000000006d8e0000 - 0x000000006e09c000 	C:\Program Files\Java\jdk1.6.0_45\jre\bin\server\jvm.dll
0x000007f9183d0000 - 0x000007f9183f0000 	C:\Windows\SYSTEM32\WINMM.dll
0x000007f918390000 - 0x000007f9183c2000 	C:\Windows\SYSTEM32\WINMMBASE.dll
0x000000006d850000 - 0x000000006d85e000 	C:\Program Files\Java\jdk1.6.0_45\jre\bin\verify.dll
0x000000006d460000 - 0x000000006d487000 	C:\Program Files\Java\jdk1.6.0_45\jre\bin\java.dll
0x000000006d8a0000 - 0x000000006d8b2000 	C:\Program Files\Java\jdk1.6.0_45\jre\bin\zip.dll
0x000007f924350000 - 0x000007f924357000 	C:\Windows\system32\PSAPI.DLL

VM Arguments:
jvm_args: -Dfile.encoding=utf-8 -Xbootclasspath:D:\work\android-sdk-windows\platforms\android-17\android.jar 
java_command: com.yeetrack.websitetool.Test360
Launcher Type: SUN_STANDARD

Environment Variables:
JAVA_HOME=C:\Program Files\Java\jdk1.6.0_45
CLASSPATH=C:\Program Files\Java\jdk1.6.0_45\lib\dt.jar;C:\Program Files\Java\jdk1.6.0_45\bin\tools.jar
PATH=C:\Windows\system32;C:\Windows;C:\Windows\System32\Wbem;C:\Windows\System32\WindowsPowerShell\v1.0\;C:\Program Files\Java\jdk1.6.0_45\bin;D:\work\android-sdk-windows\tools;D:\work\android-sdk-windows\platform-tools;
USERNAME=xuemeng
OS=Windows_NT
PROCESSOR_IDENTIFIER=Intel64 Family 6 Model 42 Stepping 7, GenuineIntel



---------------  S Y S T E M  ---------------

OS: Windows 8 , 64 bit Build 9200 

CPU:total 4 (2 cores per cpu, 2 threads per core) family 6 model 42 stepping 7, cmov, cx8, fxsr, mmx, sse, sse2, sse3, ssse3, sse4.1, sse4.2, popcnt, ht

Memory: 4k page, physical 8269036k(5252484k free), swap 12987628k(9088976k free)

vm_info: Java HotSpot(TM) 64-Bit Server VM (20.45-b01) for windows-amd64 JRE (1.6.0_45-b06), built on Apr  1 2013 12:31:37 by "java_re" with MS VC++ 8.0 (VS2005)

time: Sun Jun 23 19:13:52 2013
elapsed time: 0 seconds

